nohup: ignoring input
[2025-06-28 21:48:45] GCS Command Listener started.
[2025-06-28 21:52:39] Unknown command received: HELLO
[2025-06-28 21:52:57] Unknown command received: HOWAREYOU
-06-28 21:48:57] Activating immortality protocols...
[2025-06-28 21:48:57] Immortality protocols activated.
[2025-06-28 21:48:57] Received command: PORTAL_OPEN
[2025-06-28 21:48:57] Opening PHB portal...
[2025-06-28 21:48:59] PHB portal opened.
[2025-06-28 21:48:59] Received command: PHB_TEST
[2025-06-28 21:48:59] Testing PHB scaffolding system...
[2025-06-28 21:49:01] PHB scaffolding test complete.
[2025-06-28 21:49:01] Received command: HEAL_START
[2025-06-28 21:49:01] Triggering healing sequence...
[2025-06-28 21:49:03] Healing sequence completed.
[2025-06-28 21:52:39] Unknown command received: HELLO
[2025-06-28 21:52:57] Unknown command received: HOWAREYOU
[2025-06-28 21:52:57] Received command: HOWAREYOU
[2025-06-28 21:52:57] Unknown command: HOWAREYOU
[2025-06-28 21:53:20] Received command: PHB_TEST
[2025-06-28 21:53:20] Testing PHB scaffolding system...
[2025-06-28 21:53:22] PHB scaffolding test complete.
[2025-06-28 21:54:58] GCS Command Listener started.
[2025-06-28 21:55:06] Received command: HELLO
[2025-06-28 21:55:06] Unknown command: HELLO
[2025-06-28 21:57:51] GCS Command Listener started.
[2025-06-28 21:58:39] GCS Command Listener started.
[2025-06-28 22:00:01] GCS Command Listener started.
[2025-06-28 22:00:32] Received command: MKDIR
[2025-06-28 22:00:32] Unknown command: MKDIR
[2025-06-28 22:00:33] Received command: -P
[2025-06-28 22:00:33] Unknown command: -P
[2025-06-28 22:00:34] Received command: ~/GCS/SCRIPTS
[2025-06-28 22:00:34] Unknown command: ~/GCS/SCRIPTS
[2025-06-28 22:00:35] Received command: CAT
[2025-06-28 22:00:35] Unknown command: CAT
[2025-06-28 22:00:36] Received command: >
[2025-06-28 22:00:36] Unknown command: >
[2025-06-28 22:00:37] Received command: ~/GCS/SCRIPTS/GCS_FULL_SYSTEM.SH
[2025-06-28 22:00:37] Unknown command: ~/GCS/SCRIPTS/GCS_FULL_SYSTEM.SH
[2025-06-28 22:00:44] Received command: CHMOD
[2025-06-28 22:00:44] Unknown command: CHMOD
[2025-06-28 22:00:46] Received command: +X
[2025-06-28 22:00:46] Unknown command: +X
[2025-06-28 22:00:47] Unknown command: ~/GCS/SCRIPTS/GCS_FULL_SYSTEM.SH
[2025-06-28 22:00:47] Received command: ~/GCS/SCRIPTS/GCS_FULL_SYSTEM.SH
[2025-06-28 22:00:47] Received command: ~/GCS/SCRIPTS/GCS_FULL_SYSTEM.SH
[2025-06-28 22:00:47] Unknown command: ~/GCS/SCRIPTS/GCS_FULL_SYSTEM.SH
[2025-06-28 22:00:47] Unknown command: ~/GCS/SCRIPTS/GCS_FULL_SYSTEM.SH
[2025-06-28 22:00:58] GCS Command Listener started.
