[2025-06-28 21:11:19] Goodbye.
[2025-06-28 21:12:46] GCS AI Local Assistant started.
[2025-06-28 21:13:46] GCS AI Local Assistant started.
[2025-06-28 21:15:15] GCS AI Interface Activated.
[2025-06-28 21:16:18] Triggering healing sequence...
[2025-06-28 21:16:21] Healing sequence completed.
[2025-06-28 21:16:21] Unknown command received: 
[2025-06-28 21:16:53] Unknown command received: while true; do
[2025-06-28 21:16:53] Unknown command received: read -p "[GCS AI] Type your command (or EXIT to quit): " input
[2025-06-28 21:16:53] Unknown command received: input_clean=$(echo "$input" | tr '[:lower:]' '[:upper:]' | tr -d ' \t\n\r')
[2025-06-28 21:16:53] Unknown command received: 
[2025-06-28 21:16:53] Unknown command received: case "$input_clean" in
[2025-06-28 21:16:53] Unknown command received: EXIT)
[2025-06-28 21:16:54] Unknown command received: echo "[GCS AI] Exiting..."
[2025-06-28 21:16:54] Unknown command received: break
[2025-06-28 21:16:54] Unknown command received: ;;
[2025-06-28 21:16:54] Unknown command received: IMMORTALITY_ON|ACTIVATEIMMORTALITY)
[2025-06-28 21:16:54] Unknown command received: log "Activating immortality protocols..."
[2025-06-28 21:16:54] Unknown command received: bash "$HOME/gcs/ImmortalStart.sh"
[2025-06-28 21:16:54] Unknown command received: log "Immortality protocols activated."
[2025-06-28 21:16:54] Unknown command received: echo "[GCS AI] Immortality protocols activated."
[2025-06-28 21:16:54] Unknown command received: ;;
[2025-06-28 21:16:54] Unknown command received: PORTAL_OPEN|OPENPORTAL)
[2025-06-28 21:16:54] Unknown command received: log "Opening PHB portal..."
[2025-06-28 21:16:54] Unknown command received: sleep 2
[2025-06-28 21:16:54] Unknown command received: log "PHB portal opened."
[2025-06-28 21:16:54] Unknown command received: echo "[GCS AI] PHB portal opened."
[2025-06-28 21:16:54] Unknown command received: ;;
[2025-06-28 21:16:54] Unknown command received: HEAL_START|STARTHEALING)
[2025-06-28 21:16:54] Unknown command received: log "Triggering healing sequence..."
[2025-06-28 21:16:54] Unknown command received: sleep 2
[2025-06-28 21:16:54] Unknown command received: log "Healing sequence completed."
[2025-06-28 21:16:54] Unknown command received: echo "[GCS AI] Healing sequence completed."
[2025-06-28 21:16:54] Unknown command received: ;;
[2025-06-28 21:16:54] Unknown command received: *)
[2025-06-28 21:16:54] Unknown command received: log "Unknown command received: $input_clean"
[2025-06-28 21:16:54] Unknown command received: echo "[GCS AI] Unknown command received: $input_clean"
[2025-06-28 21:16:55] Unknown command received: ;;
[2025-06-28 21:16:55] Unknown command received: esac
[2025-06-28 21:31:52] GCS AI Interface started.
[2025-06-28 21:32:00] Greeting received
[2025-06-28 21:32:09] Unknown command received: how are you
[2025-06-28 21:52:39] Sent command(s): HELLO
[2025-06-28 21:52:55] Sent command(s): HOWAREYOU
[2025-06-28 21:53:18] Sent command(s): PHB_TEST
[2025-06-28 21:55:05] Sent command(s): HELLO
