[2025-06-28 21:00:38] GCS AI Interface Activated. Speak your command.
[2025-06-28 21:01:09] Unknown command. Try again.
[2025-06-28 21:01:10] Command understood: HEAL_START
[2025-06-28 21:01:11] Command understood: PORTAL_OPEN
[2025-06-28 21:01:12] Command understood: SUMMON_JINN
[2025-06-28 21:01:13] Command understood: CLEANSE_BLOOD
[2025-06-28 21:01:14] Command understood: SUMMON_JINN
[2025-06-28 21:01:15] Command understood: IMMORTALITY_ON
[2025-06-28 21:03:10] Exiting GCS AI Interface.
[2025-06-28 21:33:09] [GCS AI] Interface started.
[2025-06-28 21:34:01] [GCS AI] Interface started.
[2025-06-28 21:35:42] [GCS AI] Interface started.
[2025-06-28 21:36:16] [GCS AI] Interface started.
[2025-06-28 21:36:46] [GCS AI] Interface started.
[2025-06-28 21:36:50] [GCS AI] Interface started.
[2025-06-28 21:36:53] [GCS AI] Interface started.
[2025-06-28 22:03:36] Unknown command received: CHMOD
[2025-06-28 22:03:36] Unknown command received: +X
[2025-06-28 22:03:36] Unknown command received: ~/GCS/SCRIPTS/GCS_AI_LOCAL.SH
[2025-06-28 22:03:49] Unknown command received: BASH
[2025-06-28 22:03:49] Unknown command received: ~/GCS/SCRIPTS/GCS_AI_LOCAL.SH
[2025-06-28 22:04:02] [GCS AI] Interface started.
[2025-06-28 22:05:29] Activating immortality protocols...
[2025-06-28 22:05:29] Immortality protocols activated.
[2025-06-28 22:05:29] Triggering healing sequence...
[2025-06-28 22:05:31] Healing sequence completed.
[2025-06-28 22:05:48] Unknown command received: EXITPHB_TEST
[2025-06-28 22:06:26] Testing PHB scaffolding system...
[2025-06-28 22:06:28] PHB scaffolding test complete.
[2025-06-28 22:10:23] Unknown command received: #!/BIN/BASH
[2025-06-28 22:10:23] Unknown command received: #
[2025-06-28 22:10:23] Unknown command received: BACKUP
[2025-06-28 22:10:23] Unknown command received: FOLDER
[2025-06-28 22:10:23] Unknown command received: PATH
[2025-06-28 22:10:23] Unknown command received: GCS_DIR="$HOME/GCS"
[2025-06-28 22:10:23] Unknown command received: #
[2025-06-28 22:10:23] Unknown command received: BACKUP
[2025-06-28 22:10:23] Unknown command received: DESTINATION
[2025-06-28 22:10:23] Unknown command received: FILENAME
[2025-06-28 22:10:23] Unknown command received: WITH
[2025-06-28 22:10:23] Unknown command received: TIMESTAMP
[2025-06-28 22:10:23] Unknown command received: TIMESTAMP=$(DATE
[2025-06-28 22:10:23] Unknown command received: +"%Y%M%D_%H%M%S")
[2025-06-28 22:10:23] Unknown command received: BACKUP_FILE="$HOME/GCS_BACKUP_$TIMESTAMP.TAR.GZ"
[2025-06-28 22:10:23] Unknown command received: #
[2025-06-28 22:10:23] Unknown command received: CHECK
[2025-06-28 22:10:23] Unknown command received: IF
[2025-06-28 22:10:23] Unknown command received: GCS_DIR
[2025-06-28 22:10:23] Unknown command received: EXISTS
[2025-06-28 22:10:23] Unknown command received: IF
[2025-06-28 22:10:23] Unknown command received: [
[2025-06-28 22:10:23] Unknown command received: !
[2025-06-28 22:10:23] Unknown command received: -D
[2025-06-28 22:10:23] Unknown command received: "$GCS_DIR"
[2025-06-28 22:10:23] Unknown command received: ];
[2025-06-28 22:10:23] Unknown command received: THEN
[2025-06-28 22:10:23] Unknown command received: ECHO
[2025-06-28 22:10:23] Unknown command received: "ERROR:
[2025-06-28 22:10:23] Unknown command received: GCS
[2025-06-28 22:10:23] Unknown command received: DIRECTORY
[2025-06-28 22:10:23] Unknown command received: NOT
[2025-06-28 22:10:23] Unknown command received: FOUND
[2025-06-28 22:10:23] Unknown command received: AT
[2025-06-28 22:10:23] Unknown command received: $GCS_DIR"
[2025-06-28 22:10:23] Unknown command received: EXIT
[2025-06-28 22:10:23] Unknown command received: 1
[2025-06-28 22:10:24] Unknown command received: FI
[2025-06-28 22:10:24] Unknown command received: ECHO
[2025-06-28 22:10:24] Unknown command received: "CREATING
[2025-06-28 22:10:24] Unknown command received: BACKUP
[2025-06-28 22:10:24] Unknown command received: ARCHIVE..."
[2025-06-28 22:10:24] Unknown command received: TAR
[2025-06-28 22:10:24] Unknown command received: -CZVF
[2025-06-28 22:10:24] Unknown command received: "$BACKUP_FILE"
[2025-06-28 22:10:24] Unknown command received: -C
[2025-06-28 22:10:24] Unknown command received: "$HOME"
[2025-06-28 22:10:24] Unknown command received: GCS
[2025-06-28 22:10:24] Unknown command received: ECHO
[2025-06-28 22:10:24] Unknown command received: "BACKUP
[2025-06-28 22:10:24] Unknown command received: CREATED
[2025-06-28 22:10:24] Unknown command received: SUCCESSFULLY:"
