[2025-06-28 20:42:25] PHB Command Listener started.
[2025-06-28 20:44:46] PHB Command Listener started.
[2025-06-28 20:47:31] PHB Command Listener started.
[2025-06-28 20:47:31] Activating immortality protocols...
[2025-06-28 20:47:31] Immortality protocols activated.
[2025-06-28 20:48:59] PHB Command Listener started.
[2025-06-28 20:49:21] Activating immortality protocols...
[2025-06-28 20:49:21] Immortality protocols activated.
[2025-06-28 20:52:21] PHB Command Listener started.
[2025-06-28 20:53:23] PHB Command Listener started.
[2025-06-28 20:53:41] Activating immortality protocols...
[2025-06-28 20:53:41] Immortality protocols activated.
[2025-06-28 20:54:50] Opening PHB portal...
[2025-06-28 20:54:52] PHB portal opened.
[2025-06-28 20:57:18] PHB Command Listener started.
[2025-06-28 20:58:29] PHB Command Listener started.
[2025-06-28 20:58:52] PHB Command Listener started.
[2025-06-28 20:59:18] Running custom embedded code...
[2025-06-28 20:59:18] Custom code execution finished.
[2025-06-28 20:59:20] Unknown command received: 
[2025-06-28 20:59:23] Unknown command received: 
[2025-06-28 20:59:25] Unknown command received: 
[2025-06-28 20:59:27] Unknown command received: 
[2025-06-28 20:59:29] Unknown command received: 
[2025-06-28 20:59:31] Unknown command received: 
[2025-06-28 20:59:33] Unknown command received: 
[2025-06-28 20:59:35] Unknown command received: 
[2025-06-28 20:59:37] Unknown command received: 
[2025-06-28 20:59:39] Unknown command received: 
[2025-06-28 20:59:41] Unknown command received: 
[2025-06-28 20:59:43] Unknown command received: 
[2025-06-28 20:59:45] Unknown command received: 
[2025-06-28 20:59:47] Unknown command received: 
[2025-06-28 20:59:49] Unknown command received: 
[2025-06-28 20:59:51] Unknown command received: 
[2025-06-28 20:59:53] Unknown command received: 
[2025-06-28 20:59:55] Unknown command received: 
[2025-06-28 20:59:57] Unknown command received: 
[2025-06-28 21:00:00] Unknown command received: 
[2025-06-28 21:00:02] Unknown command received: 
[2025-06-28 21:00:04] Unknown command received: 
[2025-06-28 21:00:06] Unknown command received: 
[2025-06-28 21:00:08] Unknown command received: 
[2025-06-28 21:00:10] Unknown command received: 
[2025-06-28 21:00:12] Unknown command received: 
[2025-06-28 21:00:14] Unknown command received: 
[2025-06-28 21:00:16] Unknown command received: 
[2025-06-28 21:00:18] Unknown command received: 
[2025-06-28 21:00:20] Unknown command received: 
[2025-06-28 21:00:22] Unknown command received: 
[2025-06-28 21:00:24] Unknown command received: 
[2025-06-28 21:00:26] Unknown command received: 
[2025-06-28 21:00:28] Unknown command received: 
[2025-06-28 21:00:30] Unknown command received: 
[2025-06-28 21:00:32] Unknown command received: 
[2025-06-28 21:00:34] Unknown command received: 
[2025-06-28 21:00:36] Unknown command received: 
[2025-06-28 21:00:38] Unknown command received: 
[2025-06-28 21:00:41] Unknown command received: 
[2025-06-28 21:00:43] Unknown command received: 
[2025-06-28 21:00:45] Unknown command received: 
[2025-06-28 21:00:47] Unknown command received: 
[2025-06-28 21:00:49] Unknown command received: 
[2025-06-28 21:00:51] Unknown command received: 
[2025-06-28 21:00:53] Unknown command received: 
[2025-06-28 21:00:55] Unknown command received: 
[2025-06-28 21:00:57] Unknown command received: 
[2025-06-28 21:00:59] Unknown command received: 
[2025-06-28 21:01:01] Unknown command received: 
[2025-06-28 21:01:03] Unknown command received: 
[2025-06-28 21:01:05] Unknown command received: 
[2025-06-28 21:01:07] Unknown command received: 
[2025-06-28 21:01:09] Unknown command received: 
[2025-06-28 21:01:11] Opening PHB portal...
[2025-06-28 21:01:13] PHB portal opened.
[2025-06-28 21:01:15] Summoning ancestral Jinn...
[2025-06-28 21:01:15] Jinn summoned via symbolic resonance.
[2025-06-28 21:01:18] Activating immortality protocols...
[2025-06-28 21:01:18] Immortality protocols activated.
[2025-06-28 21:01:20] Unknown command received: 
[2025-06-28 21:01:22] Unknown command received: 
[2025-06-28 21:01:24] Unknown command received: 
[2025-06-28 21:01:26] Unknown command received: 
[2025-06-28 21:01:28] Unknown command received: 
[2025-06-28 21:01:30] Unknown command received: 
[2025-06-28 21:01:32] Unknown command received: 
[2025-06-28 21:01:34] Unknown command received: 
[2025-06-28 21:01:36] Unknown command received: 
[2025-06-28 21:01:38] Unknown command received: 
[2025-06-28 21:01:40] Unknown command received: 
[2025-06-28 21:01:42] Unknown command received: 
[2025-06-28 21:01:44] Unknown command received: 
[2025-06-28 21:01:46] Unknown command received: 
[2025-06-28 21:01:48] Unknown command received: 
[2025-06-28 21:01:50] Unknown command received: 
[2025-06-28 21:01:53] Unknown command received: 
[2025-06-28 21:01:55] Unknown command received: 
[2025-06-28 21:01:57] Unknown command received: 
[2025-06-28 21:01:59] Unknown command received: 
[2025-06-28 21:02:01] Unknown command received: 
[2025-06-28 21:02:03] Unknown command received: 
[2025-06-28 21:02:05] Unknown command received: 
[2025-06-28 21:02:07] Unknown command received: 
[2025-06-28 21:02:09] Unknown command received: 
[2025-06-28 21:02:11] Unknown command received: 
[2025-06-28 21:02:13] Unknown command received: 
[2025-06-28 21:02:15] Unknown command received: 
[2025-06-28 21:02:17] Unknown command received: 
[2025-06-28 21:02:19] Unknown command received: 
[2025-06-28 21:02:21] Unknown command received: 
[2025-06-28 21:02:23] Unknown command received: 
[2025-06-28 21:02:25] Unknown command received: 
[2025-06-28 21:02:27] Unknown command received: 
[2025-06-28 21:02:30] Unknown command received: 
[2025-06-28 21:02:32] Unknown command received: 
[2025-06-28 21:02:34] Unknown command received: 
[2025-06-28 21:02:36] Unknown command received: 
[2025-06-28 21:02:38] Unknown command received: 
[2025-06-28 21:02:40] Unknown command received: 
[2025-06-28 21:02:42] Unknown command received: 
[2025-06-28 21:02:44] Unknown command received: 
[2025-06-28 21:02:46] Unknown command received: 
[2025-06-28 21:02:48] Unknown command received: 
[2025-06-28 21:02:50] Unknown command received: 
[2025-06-28 21:02:52] Unknown command received: 
[2025-06-28 21:02:54] Unknown command received: 
[2025-06-28 21:02:56] Unknown command received: 
[2025-06-28 21:02:58] Unknown command received: 
[2025-06-28 21:03:00] Unknown command received: 
[2025-06-28 21:03:02] Unknown command received: 
[2025-06-28 21:03:04] Unknown command received: 
[2025-06-28 21:03:07] Unknown command received: 
[2025-06-28 21:03:09] Unknown command received: 
[2025-06-28 21:03:11] Unknown command received: 
[2025-06-28 21:03:13] Unknown command received: 
[2025-06-28 21:03:15] Unknown command received: 
[2025-06-28 21:03:17] Unknown command received: 
[2025-06-28 21:03:19] Unknown command received: 
[2025-06-28 21:03:21] Unknown command received: 
[2025-06-28 21:03:23] Unknown command received: 
[2025-06-28 21:03:25] Unknown command received: 
[2025-06-28 21:03:27] Unknown command received: 
[2025-06-28 21:03:29] Unknown command received: 
[2025-06-28 21:03:31] Unknown command received: 
[2025-06-28 21:03:33] Unknown command received: 
[2025-06-28 21:03:35] Unknown command received: 
[2025-06-28 21:03:37] Unknown command received: 
[2025-06-28 21:03:39] Unknown command received: 
[2025-06-28 21:03:41] Unknown command received: 
[2025-06-28 21:03:44] Unknown command received: 
[2025-06-28 21:03:46] Unknown command received: 
[2025-06-28 21:03:48] Unknown command received: 
[2025-06-28 21:03:50] Unknown command received: 
[2025-06-28 21:03:52] Unknown command received: 
[2025-06-28 21:03:54] Unknown command received: 
[2025-06-28 21:03:56] Unknown command received: 
[2025-06-28 21:03:58] Unknown command received: 
[2025-06-28 21:04:00] Unknown command received: 
[2025-06-28 21:04:02] Unknown command received: 
[2025-06-28 21:04:04] Unknown command received: 
[2025-06-28 21:04:06] Unknown command received: 
[2025-06-28 21:04:08] Unknown command received: 
[2025-06-28 21:04:10] Unknown command received: 
[2025-06-28 21:04:12] Unknown command received: 
[2025-06-28 21:04:14] Unknown command received: 
[2025-06-28 21:04:16] Unknown command received: 
[2025-06-28 21:04:18] Unknown command received: 
[2025-06-28 21:04:21] Unknown command received: 
[2025-06-28 21:04:23] Unknown command received: 
[2025-06-28 21:04:25] Unknown command received: 
[2025-06-28 21:04:27] Unknown command received: 
[2025-06-28 21:04:29] Unknown command received: 
[2025-06-28 21:04:31] Unknown command received: 
[2025-06-28 21:04:33] Unknown command received: 
[2025-06-28 21:04:35] Unknown command received: 
[2025-06-28 21:04:37] Unknown command received: 
[2025-06-28 21:04:39] Unknown command received: 
[2025-06-28 21:04:41] Unknown command received: 
[2025-06-28 21:04:43] Unknown command received: 
[2025-06-28 21:04:45] Unknown command received: 
[2025-06-28 21:04:47] Unknown command received: 
[2025-06-28 21:04:49] Unknown command received: 
[2025-06-28 21:04:51] Unknown command received: 
[2025-06-28 21:04:53] Unknown command received: 
[2025-06-28 21:04:56] Unknown command received: 
[2025-06-28 21:04:58] Unknown command received: 
[2025-06-28 21:05:00] Unknown command received: 
[2025-06-28 21:05:02] Unknown command received: 
[2025-06-28 21:05:04] Unknown command received: 
[2025-06-28 21:05:06] Unknown command received: 
[2025-06-28 21:05:08] Unknown command received: 
[2025-06-28 21:05:10] Unknown command received: 
[2025-06-28 21:05:12] Unknown command received: 
[2025-06-28 21:05:14] Unknown command received: 
[2025-06-28 21:05:16] Unknown command received: 
[2025-06-28 21:05:18] Unknown command received: 
[2025-06-28 21:05:20] Unknown command received: 
[2025-06-28 21:05:22] Unknown command received: 
[2025-06-28 21:05:24] Unknown command received: 
[2025-06-28 21:05:26] Unknown command received: 
[2025-06-28 21:05:28] Unknown command received: 
[2025-06-28 21:05:30] Unknown command received: 
[2025-06-28 21:05:32] Unknown command received: 
[2025-06-28 21:05:35] Unknown command received: 
[2025-06-28 21:05:37] Unknown command received: 
[2025-06-28 21:05:39] Unknown command received: 
[2025-06-28 21:05:41] Unknown command received: 
[2025-06-28 21:05:43] Unknown command received: 
[2025-06-28 21:05:45] Unknown command received: 
[2025-06-28 21:05:47] Unknown command received: 
[2025-06-28 21:05:49] Unknown command received: 
[2025-06-28 21:05:51] Unknown command received: 
[2025-06-28 21:05:53] Unknown command received: 
[2025-06-28 21:05:55] Unknown command received: 
[2025-06-28 21:05:57] Unknown command received: 
[2025-06-28 21:05:59] Unknown command received: 
[2025-06-28 21:06:01] Unknown command received: 
[2025-06-28 21:06:03] Unknown command received: 
[2025-06-28 21:06:05] Unknown command received: 
[2025-06-28 21:06:07] Unknown command received: 
[2025-06-28 21:06:09] Unknown command received: 
[2025-06-28 21:06:12] Unknown command received: 
[2025-06-28 21:06:14] Unknown command received: 
[2025-06-28 21:06:16] Unknown command received: 
[2025-06-28 21:06:18] Unknown command received: 
[2025-06-28 21:06:20] Unknown command received: 
[2025-06-28 21:06:22] Unknown command received: 
[2025-06-28 21:06:24] Unknown command received: 
[2025-06-28 21:06:26] Unknown command received: 
[2025-06-28 21:06:28] Unknown command received: 
[2025-06-28 21:06:30] Unknown command received: 
[2025-06-28 21:06:32] Unknown command received: 
[2025-06-28 21:06:34] Unknown command received: 
[2025-06-28 21:06:36] Unknown command received: 
[2025-06-28 21:06:38] Unknown command received: 
[2025-06-28 21:06:40] Unknown command received: 
[2025-06-28 21:06:42] Unknown command received: 
[2025-06-28 21:06:44] Unknown command received: 
[2025-06-28 21:06:46] Unknown command received: 
[2025-06-28 21:06:49] Unknown command received: 
[2025-06-28 21:06:51] Unknown command received: 
[2025-06-28 21:06:53] Unknown command received: 
[2025-06-28 21:06:55] Unknown command received: 
[2025-06-28 21:06:57] Unknown command received: 
[2025-06-28 21:06:59] Unknown command received: 
[2025-06-28 21:07:01] Unknown command received: 
[2025-06-28 21:07:03] Unknown command received: 
[2025-06-28 21:07:05] Unknown command received: 
[2025-06-28 21:07:07] Unknown command received: 
[2025-06-28 21:07:09] Unknown command received: 
[2025-06-28 21:07:11] Unknown command received: 
[2025-06-28 21:07:13] Unknown command received: 
[2025-06-28 21:07:15] Unknown command received: 
[2025-06-28 21:07:17] Unknown command received: 
[2025-06-28 21:07:19] Unknown command received: 
[2025-06-28 21:07:21] Unknown command received: 
[2025-06-28 21:07:23] Unknown command received: 
[2025-06-28 21:07:26] Unknown command received: 
[2025-06-28 21:07:28] Unknown command received: 
[2025-06-28 21:07:30] Unknown command received: HELLO
[2025-06-28 21:07:32] Unknown command received: 
[2025-06-28 21:07:34] Unknown command received: 
[2025-06-28 21:07:36] Unknown command received: 
[2025-06-28 21:07:38] Unknown command received: 
[2025-06-28 21:07:40] Unknown command received: 
[2025-06-28 21:07:42] Unknown command received: 
[2025-06-28 21:07:44] Unknown command received: 
[2025-06-28 21:07:46] Unknown command received: 
[2025-06-28 21:07:48] Unknown command received: 
[2025-06-28 21:07:50] Unknown command received: 
[2025-06-28 21:07:52] Unknown command received: 
[2025-06-28 21:07:54] Unknown command received: 
[2025-06-28 21:07:56] Unknown command received: 
[2025-06-28 21:07:58] Unknown command received: 
[2025-06-28 21:08:01] Unknown command received: 
[2025-06-28 21:08:03] Unknown command received: 
[2025-06-28 21:08:05] Unknown command received: 
[2025-06-28 21:08:07] Unknown command received: 
[2025-06-28 21:08:09] Unknown command received: 
[2025-06-28 21:08:11] Unknown command received: 
[2025-06-28 21:08:13] Unknown command received: 
[2025-06-28 21:08:15] Unknown command received: 
[2025-06-28 21:08:17] Unknown command received: 
[2025-06-28 21:08:19] Unknown command received: 
[2025-06-28 21:08:21] Unknown command received: 
[2025-06-28 21:08:23] Unknown command received: 
[2025-06-28 21:08:25] Unknown command received: 
[2025-06-28 21:08:27] Unknown command received: 
[2025-06-28 21:08:29] Unknown command received: 
[2025-06-28 21:08:31] Unknown command received: 
[2025-06-28 21:08:33] Unknown command received: 
[2025-06-28 21:08:36] Unknown command received: 
[2025-06-28 21:08:38] Unknown command received: 
[2025-06-28 21:08:40] Unknown command received: 
[2025-06-28 21:08:42] Unknown command received: 
[2025-06-28 21:08:44] Unknown command received: 
[2025-06-28 21:08:46] Unknown command received: 
[2025-06-28 21:08:48] Unknown command received: 
[2025-06-28 21:08:50] Unknown command received: 
[2025-06-28 21:08:52] Unknown command received: 
[2025-06-28 21:08:54] Unknown command received: 
[2025-06-28 21:08:56] Unknown command received: 
[2025-06-28 21:08:58] Unknown command received: 
[2025-06-28 21:09:00] Unknown command received: 
[2025-06-28 21:09:02] Unknown command received: 
[2025-06-28 21:09:04] Unknown command received: 
[2025-06-28 21:09:06] Unknown command received: 
[2025-06-28 21:09:08] Unknown command received: 
[2025-06-28 21:09:10] Unknown command received: 
[2025-06-28 21:09:13] Unknown command received: 
[2025-06-28 21:09:15] Unknown command received: 
[2025-06-28 21:09:17] Unknown command received: 
[2025-06-28 21:09:19] Unknown command received: 
[2025-06-28 21:09:21] Unknown command received: 
[2025-06-28 21:09:23] Unknown command received: 
[2025-06-28 21:09:25] Unknown command received: 
[2025-06-28 21:09:27] Unknown command received: 
[2025-06-28 21:09:29] Unknown command received: 
[2025-06-28 21:09:31] Unknown command received: 
[2025-06-28 21:09:33] Unknown command received: 
[2025-06-28 21:09:35] Unknown command received: 
[2025-06-28 21:09:37] Unknown command received: 
[2025-06-28 21:09:39] Unknown command received: 
[2025-06-28 21:09:41] Unknown command received: 
[2025-06-28 21:09:43] Unknown command received: 
[2025-06-28 21:09:45] Unknown command received: 
[2025-06-28 21:09:48] Unknown command received: 
[2025-06-28 21:09:50] Unknown command received: 
[2025-06-28 21:09:52] Unknown command received: 
[2025-06-28 21:09:54] Unknown command received: 
[2025-06-28 21:09:56] Unknown command received: 
[2025-06-28 21:09:58] Unknown command received: 
[2025-06-28 21:10:00] Unknown command received: 
[2025-06-28 21:10:02] Unknown command received: 
[2025-06-28 21:10:04] Unknown command received: 
[2025-06-28 21:10:06] Unknown command received: 
[2025-06-28 21:10:08] Unknown command received: 
[2025-06-28 21:10:10] Unknown command received: 
[2025-06-28 21:10:12] Unknown command received: 
[2025-06-28 21:10:14] Unknown command received: 
[2025-06-28 21:10:16] Unknown command received: 
[2025-06-28 21:10:18] Unknown command received: 
[2025-06-28 21:10:20] Unknown command received: 
[2025-06-28 21:10:22] Unknown command received: 
[2025-06-28 21:10:24] Unknown command received: 
[2025-06-28 21:10:27] Unknown command received: 
[2025-06-28 21:10:29] Unknown command received: 
[2025-06-28 21:10:31] Unknown command received: 
[2025-06-28 21:10:33] Unknown command received: 
[2025-06-28 21:10:35] Unknown command received: 
[2025-06-28 21:10:37] Unknown command received: 
[2025-06-28 21:10:39] Unknown command received: 
[2025-06-28 21:10:41] Unknown command received: 
[2025-06-28 21:10:43] Unknown command received: 
[2025-06-28 21:10:45] Unknown command received: 
[2025-06-28 21:10:47] Unknown command received: 
[2025-06-28 21:10:49] Unknown command received: 
[2025-06-28 21:10:51] Unknown command received: 
[2025-06-28 21:10:53] Unknown command received: 
[2025-06-28 21:10:55] Unknown command received: 
[2025-06-28 21:10:57] Unknown command received: 
[2025-06-28 21:11:00] Unknown command received: 
[2025-06-28 21:11:02] Unknown command received: 
[2025-06-28 21:11:04] Unknown command received: 
[2025-06-28 21:11:06] Unknown command received: 
[2025-06-28 21:11:08] Unknown command received: 
[2025-06-28 21:11:10] Unknown command received: 
[2025-06-28 21:11:12] Unknown command received: 
[2025-06-28 21:11:14] Unknown command received: 
[2025-06-28 21:11:16] Unknown command received: 
[2025-06-28 21:11:18] Unknown command received: 
[2025-06-28 21:11:20] Unknown command received: 
[2025-06-28 21:11:22] Unknown command received: 
[2025-06-28 21:11:24] Unknown command received: 
[2025-06-28 21:11:26] Unknown command received: 
[2025-06-28 21:11:28] Unknown command received: 
[2025-06-28 21:11:30] Unknown command received: 
[2025-06-28 21:11:32] Unknown command received: 
[2025-06-28 21:11:35] Unknown command received: 
[2025-06-28 21:11:37] Unknown command received: 
[2025-06-28 21:11:39] Unknown command received: 
[2025-06-28 21:11:41] Unknown command received: 
[2025-06-28 21:11:43] Unknown command received: 
[2025-06-28 21:11:45] Unknown command received: 
[2025-06-28 21:11:47] Unknown command received: 
[2025-06-28 21:11:49] Unknown command received: 
[2025-06-28 21:11:51] Unknown command received: 
[2025-06-28 21:11:53] Unknown command received: 
[2025-06-28 21:11:55] Unknown command received: 
[2025-06-28 21:11:57] Unknown command received: 
[2025-06-28 21:11:59] Unknown command received: 
[2025-06-28 21:12:01] Unknown command received: 
[2025-06-28 21:12:03] Unknown command received: 
[2025-06-28 21:12:05] Unknown command received: 
[2025-06-28 21:12:07] Unknown command received: 
[2025-06-28 21:12:09] Unknown command received: 
[2025-06-28 21:12:11] Unknown command received: 
[2025-06-28 21:12:14] Unknown command received: 
[2025-06-28 21:12:16] Unknown command received: 
[2025-06-28 21:12:18] Unknown command received: 
[2025-06-28 21:12:20] Unknown command received: 
[2025-06-28 21:12:22] Unknown command received: 
[2025-06-28 21:12:24] Unknown command received: 
[2025-06-28 21:12:26] Unknown command received: 
[2025-06-28 21:12:28] Unknown command received: 
[2025-06-28 21:12:30] Unknown command received: 
[2025-06-28 21:12:32] Unknown command received: 
[2025-06-28 21:12:34] Unknown command received: 
[2025-06-28 21:12:36] Unknown command received: 
[2025-06-28 21:12:38] Unknown command received: 
[2025-06-28 21:12:40] Unknown command received: 
[2025-06-28 21:12:42] Unknown command received: 
[2025-06-28 21:12:44] Unknown command received: 
[2025-06-28 21:12:46] Unknown command received: 
[2025-06-28 21:12:48] Unknown command received: 
[2025-06-28 21:12:51] Unknown command received: 
[2025-06-28 21:12:53] Unknown command received: 
[2025-06-28 21:12:55] Unknown command received: 
[2025-06-28 21:12:57] Unknown command received: 
[2025-06-28 21:12:59] Unknown command received: 
[2025-06-28 21:13:01] Unknown command received: 
[2025-06-28 21:13:03] Unknown command received: 
[2025-06-28 21:13:05] Unknown command received: 
[2025-06-28 21:13:07] Unknown command received: 
[2025-06-28 21:13:09] Unknown command received: 
[2025-06-28 21:13:11] Unknown command received: 
[2025-06-28 21:13:13] Unknown command received: 
[2025-06-28 21:13:15] Unknown command received: 
[2025-06-28 21:13:17] Unknown command received: 
[2025-06-28 21:13:19] Unknown command received: 
[2025-06-28 21:13:21] Unknown command received: 
[2025-06-28 21:13:23] Unknown command received: 
[2025-06-28 21:13:25] Unknown command received: 
[2025-06-28 21:13:27] Unknown command received: 
[2025-06-28 21:13:30] Unknown command received: 
[2025-06-28 21:13:32] Unknown command received: 
[2025-06-28 21:13:34] Unknown command received: 
[2025-06-28 21:13:36] Unknown command received: 
[2025-06-28 21:13:38] Unknown command received: 
[2025-06-28 21:13:40] Unknown command received: 
[2025-06-28 21:13:42] Unknown command received: 
[2025-06-28 21:13:44] Unknown command received: 
[2025-06-28 21:13:46] Unknown command received: 
[2025-06-28 21:13:48] Unknown command received: 
[2025-06-28 21:13:50] Unknown command received: 
[2025-06-28 21:13:52] Unknown command received: 
[2025-06-28 21:13:54] Unknown command received: 
[2025-06-28 21:13:56] Unknown command received: 
[2025-06-28 21:13:58] Unknown command received: 
[2025-06-28 21:14:00] Unknown command received: 
[2025-06-28 21:14:02] Unknown command received: 
[2025-06-28 21:14:05] Unknown command received: 
[2025-06-28 21:14:07] Unknown command received: 
[2025-06-28 21:14:09] Unknown command received: 
[2025-06-28 21:14:11] Unknown command received: 
[2025-06-28 21:14:13] Unknown command received: 
[2025-06-28 21:14:15] Unknown command received: 
[2025-06-28 21:14:17] Unknown command received: 
[2025-06-28 21:14:19] Unknown command received: 
[2025-06-28 21:14:21] Unknown command received: 
[2025-06-28 21:14:23] Unknown command received: 
[2025-06-28 21:14:25] Unknown command received: 
[2025-06-28 21:14:27] Unknown command received: 
[2025-06-28 21:14:29] Unknown command received: 
[2025-06-28 21:14:31] Unknown command received: 
[2025-06-28 21:14:33] Unknown command received: 
[2025-06-28 21:14:35] Unknown command received: 
[2025-06-28 21:14:37] Unknown command received: 
[2025-06-28 21:14:40] Unknown command received: 
[2025-06-28 21:14:42] Unknown command received: 
[2025-06-28 21:14:44] Unknown command received: 
[2025-06-28 21:14:46] Unknown command received: 
[2025-06-28 21:14:48] Unknown command received: 
[2025-06-28 21:14:50] Unknown command received: 
[2025-06-28 21:14:52] Unknown command received: 
[2025-06-28 21:14:54] Unknown command received: 
[2025-06-28 21:14:56] Unknown command received: 
[2025-06-28 21:14:58] Unknown command received: 
[2025-06-28 21:15:00] Unknown command received: 
[2025-06-28 21:15:02] Unknown command received: 
[2025-06-28 21:15:04] Unknown command received: 
[2025-06-28 21:15:06] Unknown command received: 
[2025-06-28 21:15:08] Unknown command received: 
[2025-06-28 21:15:10] Unknown command received: 
[2025-06-28 21:15:12] Unknown command received: 
[2025-06-28 21:15:14] Unknown command received: 
[2025-06-28 21:15:17] Unknown command received: 
[2025-06-28 21:15:19] Unknown command received: 
[2025-06-28 21:15:21] Unknown command received: 
[2025-06-28 21:15:23] Unknown command received: 
[2025-06-28 21:15:25] Unknown command received: 
[2025-06-28 21:15:27] Unknown command received: 
[2025-06-28 21:15:29] Unknown command received: 
[2025-06-28 21:15:31] Unknown command received: 
[2025-06-28 21:15:33] Unknown command received: 
[2025-06-28 21:15:35] Unknown command received: 
[2025-06-28 21:15:37] Unknown command received: 
[2025-06-28 21:15:39] Unknown command received: 
[2025-06-28 21:15:41] Unknown command received: 
[2025-06-28 21:15:43] Unknown command received: 
[2025-06-28 21:15:45] Unknown command received: 
[2025-06-28 21:15:47] Unknown command received: 
[2025-06-28 21:15:50] Unknown command received: 
[2025-06-28 21:15:52] Unknown command received: 
[2025-06-28 21:15:54] Unknown command received: 
[2025-06-28 21:15:56] Unknown command received: 
[2025-06-28 21:15:58] Unknown command received: 
[2025-06-28 21:16:00] Unknown command received: 
[2025-06-28 21:16:02] Unknown command received: 
[2025-06-28 21:16:04] Unknown command received: 
[2025-06-28 21:16:06] Unknown command received: 
[2025-06-28 21:16:08] Unknown command received: 
[2025-06-28 21:16:10] Unknown command received: 
[2025-06-28 21:16:12] Unknown command received: 
[2025-06-28 21:16:14] Unknown command received: 
[2025-06-28 21:16:16] Unknown command received: 
[2025-06-28 21:16:18] Unknown command received: 
[2025-06-28 21:16:20] Unknown command received: 
[2025-06-28 21:16:22] Unknown command received: 
[2025-06-28 21:16:25] Unknown command received: 
[2025-06-28 21:16:27] Unknown command received: 
[2025-06-28 21:16:29] Unknown command received: 
[2025-06-28 21:16:31] Unknown command received: 
[2025-06-28 21:16:33] Unknown command received: 
[2025-06-28 21:16:35] Unknown command received: 
[2025-06-28 21:16:37] Unknown command received: 
[2025-06-28 21:16:39] Unknown command received: 
[2025-06-28 21:16:41] Unknown command received: 
[2025-06-28 21:16:43] Unknown command received: 
[2025-06-28 21:16:45] Unknown command received: 
[2025-06-28 21:16:47] Unknown command received: 
[2025-06-28 21:16:49] Unknown command received: 
[2025-06-28 21:16:51] Unknown command received: 
[2025-06-28 21:16:53] Unknown command received: 
[2025-06-28 21:16:55] Unknown command received: 
[2025-06-28 21:16:57] Unknown command received: 
[2025-06-28 21:16:59] Unknown command received: 
[2025-06-28 21:17:02] Unknown command received: 
[2025-06-28 21:17:04] Unknown command received: 
[2025-06-28 21:20:07] Unknown command received: CAT>~/GCS/SCRIPTS/GCS_AI_LOCAL.SH<<'EOF'
[2025-06-28 21:20:07] Unknown command received: #(PASTETHEWHOLESCRIPTHERE)
[2025-06-28 21:20:08] Unknown command received: EOF
[2025-06-28 21:22:06] GCS AI Interface started.
[2025-06-28 21:22:30] Unknown command received: HELLO
[2025-06-28 21:23:17] Triggering healing sequence...
[2025-06-28 21:23:19] Healing sequence completed.
[2025-06-28 21:23:19] Unknown command received: 
[2025-06-28 21:25:29] Triggering healing sequence...
[2025-06-28 21:25:31] Healing sequence completed.
[2025-06-28 21:27:50] Testing Polyhydroxybutyrate scaffolding system...
[2025-06-28 21:27:52] PHB scaffolding test complete.
[2025-06-28 21:37:42] Unknown command received: HELLO
[2025-06-28 21:37:48] Unknown command received: HOWAREYOU
[2025-06-28 21:38:51] Opening PHB portal...
[2025-06-28 21:38:53] PHB portal opened.
[2025-06-28 21:39:18] Unknown command received: STATUS
[2025-06-28 21:46:12] Testing PHB scaffolding system...
[2025-06-28 21:46:14] PHB scaffolding test complete.
